INFO QA Page is visited
INFO Policy Page is visited
INFO Login Page is visited
INFO Login form is posted
INFO Submit review Page is visited
INFO Submit review Page is visited
INFO Submit review Page is visited
INFO Submit review Page is visited
INFO Reviews Page is visited
INFO Reviews Page is visited
INFO Reviews Page is visited
INFO Login Page is visited
INFO Login Page is visited
INFO Login Page is visited
INFO Login Page is visited
INFO Login Page is visited
INFO Login Page is visited
INFO Login form is posted
INFO Login Page is visited
INFO Login Page is visited
INFO Login form is posted
INFO Contacts Page is visited
INFO register Page is posted
INFO register Page is posted
INFO Login Page is visited
INFO register Page is posted
INFO News Page is visited
INFO Policy Page is visited
INFO Promos Page is visited
INFO Reviews Page is visited
INFO register Page is posted
INFO Login form is posted
INFO Login form is posted
INFO register Page is posted
INFO Vacancies Page is visited
INFO Contacts Page is visited
INFO register Page is posted
INFO register Page is posted
INFO Login Page is visited
INFO register Page is posted
INFO News Page is visited
INFO Policy Page is visited
INFO Promos Page is visited
INFO QA Page is visited
INFO Reviews Page is visited
INFO register Page is posted
INFO Login form is posted
INFO Login form is posted
INFO register Page is posted
INFO Vacancies Page is visited
INFO register Page is posted
INFO Contacts Page is visited
INFO register Page is posted
INFO register Page is posted
INFO Login Page is visited
INFO register Page is posted
INFO News Page is visited
INFO Policy Page is visited
INFO Promos Page is visited
INFO QA Page is visited
INFO Reviews Page is visited
INFO register Page is posted
INFO Login form is posted
INFO Login form is posted
INFO register Page is posted
INFO Vacancies Page is visited
INFO Login Page is visited
INFO Login form is posted
INFO Login Page is visited
INFO Login form is posted
INFO Login Page is visited
INFO Login form is posted
INFO Login Page is visited
INFO Login form is posted
INFO register Page is visited
INFO QA Page is visited
INFO Policy Page is visited
INFO Promos Page is visited
INFO Contacts Page is visited
INFO QA Page is visited
INFO Policy Page is visited
INFO Promos Page is visited
INFO Vacancies Page is visited
INFO Contacts Page is visited
INFO register Page is visited
INFO Reviews Page is visited
INFO Login Page is visited
INFO register Page is visited
INFO Login Page is visited
INFO News Page is visited
INFO News Page is visited
INFO News Page is visited
INFO QA Page is visited
INFO Promos Page is visited
INFO register Page is visited
INFO register Page is posted
INFO register Page is visited
INFO register Page is posted
INFO Submit review Page is visited
INFO Reviews Page is visited
INFO Vacancies Page is visited
INFO Contacts Page is visited
INFO Vacancies Page is visited
INFO Reviews Page is visited
INFO Contacts Page is visited
INFO Login Page is visited
INFO Login form is posted
INFO Login Page is visited
INFO Login form is posted
INFO Login Page is visited
INFO Login form is posted
INFO News Page is visited
INFO register Page is visited
INFO Login Page is visited
INFO register Page is visited
INFO register Page is visited
INFO Policy Page is visited
INFO News Page is visited
INFO QA Page is visited
INFO Reviews Page is visited
INFO Login Page is visited
INFO Login Page is visited
INFO register Page is visited
INFO Login Page is visited
INFO Login form is posted
INFO register Page is visited
INFO Login Page is visited
INFO Login form is posted
INFO News Page is visited
INFO QA Page is visited
INFO Reviews Page is visited
INFO Promos Page is visited
INFO register Page is visited
INFO register Page is posted
INFO register Page is visited
INFO register Page is posted
INFO Contacts Page is visited
INFO Promos Page is visited
INFO Reviews Page is visited
INFO Login Page is visited
INFO Login form is posted
INFO Login form is posted
INFO News Page is visited
INFO News Page is visited
INFO Login Page is visited
INFO Login form is posted
INFO register Page is visited
INFO Login Page is visited
INFO Login form is posted
INFO Vacancies Page is visited
INFO Policy Page is visited
INFO News Page is visited
INFO Contacts Page is visited
INFO register Page is visited
INFO register Page is visited
INFO register Page is posted
INFO Submit review Page is visited
INFO Login Page is visited
INFO Login form is posted
INFO Login Page is visited
INFO Login form is posted
INFO Vacancies Page is visited
INFO Contacts Page is visited
INFO Contacts Page is visited
INFO Contacts Page is visited
INFO News Page is visited
INFO QA Page is visited
INFO News Page is visited
INFO QA Page is visited
INFO Policy Page is visited
INFO Promos Page is visited
INFO Promos Page is visited
INFO Vacancies Page is visited
INFO Vacancies Page is visited
INFO Reviews Page is visited
INFO Reviews Page is visited
INFO News Page is visited
INFO Vacancies Page is visited
INFO News Page is visited
INFO Promos Page is visited
INFO Login Page is visited
INFO Login form is posted
INFO Login form is posted
INFO Vacancies Page is visited
INFO Vacancies Page is visited
INFO Contacts Page is visited
INFO Reviews Page is visited
INFO Reviews Page is visited
INFO Login Page is visited
INFO Login form is posted
INFO Reviews Page is visited
INFO Submit review Page is visited
INFO Reviews Page is visited
INFO Reviews Page is visited
INFO Submit review Page is visited
INFO News Page is visited
INFO Policy Page is visited
INFO Login Page is visited
INFO Login form is posted
INFO register Page is visited
INFO Login Page is visited
INFO Login form is posted
INFO register Page is visited
INFO register Page is posted
INFO Submit review Page is visited
INFO Submit review Page is visited
INFO Login Page is visited
INFO Login form is posted
INFO Login form is posted
INFO Submit review Page is visited
INFO register Page is visited
INFO Login Page is visited
INFO Login form is posted
INFO Login Page is visited
INFO Login form is posted
INFO Login form is posted
INFO Login form is posted
INFO Login form is posted
INFO Login form is posted
INFO Submit review Page is visited
INFO Promos Page is visited
INFO Contacts Page is visited
INFO QA Page is visited
INFO News Page is visited
INFO Promos Page is visited
INFO Vacancies Page is visited
INFO QA Page is visited
INFO Login Page is visited
INFO register Page is visited
INFO register Page is posted
INFO register Page is visited
INFO register Page is posted
INFO Promos Page is visited
INFO Promos Page is visited
INFO Login Page is visited
INFO Login form is posted
INFO Login Page is visited
INFO Login form is posted
INFO Submit review Page is visited
INFO Promos Page is visited
